<?xml version="1.0" encoding="UTF-8"?>
<testng-results ignored="0" total="2" passed="2" failed="0" skipped="0">
  <reporter-output>
  </reporter-output>
  <suite started-at="2021-10-09T22:03:10Z" name="Default suite" finished-at="2021-10-09T22:03:20Z" duration-ms="10488">
    <groups>
    </groups>
    <test started-at="2021-10-09T22:03:10Z" name="Default test" finished-at="2021-10-09T22:03:20Z" duration-ms="10488">
      <class name="test.TestDashboardPage">
        <test-method is-config="true" signature="createDriverAndLogin()[pri:0, instance:test.TestDashboardPage@11bb571c]" started-at="2021-10-09T22:03:10Z" name="createDriverAndLogin" finished-at="2021-10-09T22:03:15Z" duration-ms="5429" status="PASS">
          <reporter-output>
          </reporter-output>
        </test-method> <!-- createDriverAndLogin -->
        <test-method signature="successfulMenuItems()[pri:0, instance:test.TestDashboardPage@11bb571c]" started-at="2021-10-09T22:03:15Z" name="successfulMenuItems" finished-at="2021-10-09T22:03:17Z" duration-ms="1275" status="PASS">
          <reporter-output>
          </reporter-output>
        </test-method> <!-- successfulMenuItems -->
        <test-method signature="successfulTestingFooter()[pri:0, instance:test.TestDashboardPage@11bb571c]" started-at="2021-10-09T22:03:17Z" name="successfulTestingFooter" finished-at="2021-10-09T22:03:20Z" duration-ms="3765" status="PASS">
          <reporter-output>
          </reporter-output>
        </test-method> <!-- successfulTestingFooter -->
      </class> <!-- test.TestDashboardPage -->
    </test> <!-- Default test -->
  </suite> <!-- Default suite -->
</testng-results>
